<?xml version="1.0" encoding="UTF-8"?>
<!-- Generated by org.testng.reporters.JUnitReportReporter -->
<testsuite hostname="LAPTOP-2JITOVQC" name="TestCases.TestCase1" tests="1" failures="0" timestamp="22 Nov 2020 15:13:02 GMT" time="0.650" errors="0">
  <testcase name="foo" time="0.650" classname="TestCases.TestCase1"/>
</testsuite> <!-- TestCases.TestCase1 -->
