<?xml version="1.0" encoding="UTF-8"?>
<!-- Generated by org.testng.reporters.JUnitReportReporter -->
<testsuite hostname="LAPTOP-2JITOVQC" name="TestCases.TestCase2" tests="3" failures="0" timestamp="22 Nov 2020 14:48:40 GMT" time="6.538" errors="0">
  <testcase name="fools" time="0.961" classname="TestCases.TestCase2"/>
  <testcase name="fool" time="0.870" classname="TestCases.TestCase2"/>
  <testcase name="foo" time="4.707" classname="TestCases.TestCase2"/>
</testsuite> <!-- TestCases.TestCase2 -->
