<?xml version="1.0" encoding="UTF-8"?>
<!-- Generated by org.testng.reporters.JUnitReportReporter -->
<testsuite hostname="LAPTOP-2JITOVQC" name="TestCases.TestCase2" tests="3" failures="0" timestamp="22 Nov 2020 15:10:32 GMT" time="7.474" errors="0">
  <testcase name="foo" time="5.527" classname="TestCases.TestCase2"/>
  <testcase name="fools" time="0.906" classname="TestCases.TestCase2"/>
  <testcase name="fool" time="1.041" classname="TestCases.TestCase2"/>
</testsuite> <!-- TestCases.TestCase2 -->
